c:\users\utkucanturkan\desktop\oberon0c\buıld\oberon0c.dır\debug\vc142.pdb
c:\users\utkucanturkan\desktop\oberon0c\buıld\oberon0c.dır\debug\node.obj
c:\users\utkucanturkan\desktop\oberon0c\buıld\oberon0c.dır\debug\logger.obj
c:\users\utkucanturkan\desktop\oberon0c\buıld\oberon0c.dır\debug\token.obj
c:\users\utkucanturkan\desktop\oberon0c\buıld\oberon0c.dır\debug\strıngtoken.obj
c:\users\utkucanturkan\desktop\oberon0c\buıld\oberon0c.dır\debug\scanner.obj
c:\users\utkucanturkan\desktop\oberon0c\buıld\oberon0c.dır\debug\numbertoken.obj
c:\users\utkucanturkan\desktop\oberon0c\buıld\oberon0c.dır\debug\ıdenttoken.obj
c:\users\utkucanturkan\desktop\oberon0c\buıld\cmakefıles\generate.stamp
c:\users\utkucanturkan\desktop\oberon0c\build\oberon0c.dir\debug\ıdenttoken.obj
c:\users\utkucanturkan\desktop\oberon0c\build\oberon0c.dir\debug\logger.obj
c:\users\utkucanturkan\desktop\oberon0c\build\oberon0c.dir\debug\node.obj
c:\users\utkucanturkan\desktop\oberon0c\build\oberon0c.dir\debug\numbertoken.obj
c:\users\utkucanturkan\desktop\oberon0c\build\oberon0c.dir\debug\scanner.obj
c:\users\utkucanturkan\desktop\oberon0c\build\oberon0c.dir\debug\stringtoken.obj
c:\users\utkucanturkan\desktop\oberon0c\build\oberon0c.dir\debug\token.obj
c:\users\utkucanturkan\desktop\oberon0c\build\oberon0c.dir\debug\vc142.pdb
c:\users\utkucanturkan\desktop\oberon0c\build\oberon0c.dir\debug\oberon0c.tlog\cl.command.1.tlog
c:\users\utkucanturkan\desktop\oberon0c\build\oberon0c.dir\debug\oberon0c.tlog\cl.read.1.tlog
c:\users\utkucanturkan\desktop\oberon0c\build\oberon0c.dir\debug\oberon0c.tlog\cl.write.1.tlog
c:\users\utkucanturkan\desktop\oberon0c\build\oberon0c.dir\debug\oberon0c.tlog\custombuild.command.1.tlog
c:\users\utkucanturkan\desktop\oberon0c\build\oberon0c.dir\debug\oberon0c.tlog\custombuild.read.1.tlog
c:\users\utkucanturkan\desktop\oberon0c\build\oberon0c.dir\debug\oberon0c.tlog\custombuild.write.1.tlog
